2026-01-06 19:23:49.606 [main] INFO  org.flywaydb.core.FlywayExecutor - Database: jdbc:mysql://localhost:3306/expense_tracker_db (MySQL 8.0)
2026-01-06 19:23:49.966 [main] INFO  o.f.core.internal.command.DbValidate - Successfully validated 9 migrations (execution time 00:00.169s)
2026-01-06 19:23:50.023 [main] INFO  o.f.core.internal.command.DbMigrate - Current version of schema `expense_tracker_db`: 9
2026-01-06 19:23:50.044 [main] INFO  o.f.core.internal.command.DbMigrate - Schema `expense_tracker_db` is up to date. No migration necessary.
2026-01-06 19:23:56.196 [http-nio-8080-exec-2] DEBUG c.e.controller.LoginServlet - GET /login - Checking if user already logged in
2026-01-06 19:23:56.228 [http-nio-8080-exec-2] DEBUG c.e.controller.LoginServlet - Displaying login form
2026-01-06 19:24:08.809 [http-nio-8080-exec-4] DEBUG c.e.controller.LoginServlet - POST /login - Login attempt for username: bhargav_007_
2026-01-06 19:24:09.112 [http-nio-8080-exec-4] INFO  com.zaxxer.hikari.HikariDataSource - HikariPool-1 - Starting...
2026-01-06 19:24:09.682 [http-nio-8080-exec-4] INFO  com.zaxxer.hikari.pool.HikariPool - HikariPool-1 - Added connection com.mysql.cj.jdbc.ConnectionImpl@6f60569e
2026-01-06 19:24:09.869 [http-nio-8080-exec-4] INFO  com.zaxxer.hikari.HikariDataSource - HikariPool-1 - Start completed.
2026-01-06 19:24:10.816 [http-nio-8080-exec-4] INFO  c.e.controller.LoginServlet - Successful login for user: bhargav_007_ (ID: 2)
2026-01-06 19:24:10.821 [http-nio-8080-exec-4] DEBUG c.e.controller.LoginServlet - Invalidating old session for security (session fixation prevention)
2026-01-06 19:24:10.830 [http-nio-8080-exec-4] DEBUG c.e.controller.LoginServlet - Remember Me not checked, clearing any existing cookie
2026-01-06 19:24:10.841 [http-nio-8080-exec-4] INFO  c.e.controller.LoginServlet - Login completed successfully for user bhargav_007_, redirecting to dashboard
2026-01-06 19:24:10.929 [http-nio-8080-exec-6] DEBUG c.e.controller.DashboardServlet - Loading dashboard for user 2
2026-01-06 19:24:11.551 [http-nio-8080-exec-6] DEBUG c.e.controller.DashboardServlet - Dashboard loaded successfully for user 2
2026-01-06 19:24:28.396 [http-nio-8080-exec-8] DEBUG c.e.controller.ListExpensesServlet - User 2 requested expense list
2026-01-06 19:24:28.398 [http-nio-8080-exec-8] DEBUG c.e.controller.ListExpensesServlet - Fetching expenses for user 2: page=1, pageSize=20, filters=[from=null, to=null, cat=null]
2026-01-06 19:24:33.388 [http-nio-8080-exec-10] DEBUG c.e.controller.ExportServlet - User 2 requested export
2026-01-06 19:24:33.389 [http-nio-8080-exec-10] DEBUG c.e.controller.ExportServlet - Generating PDF for user 2
2026-01-06 19:24:34.909 [http-nio-8080-exec-10] INFO  c.e.controller.ExportServlet - PDF export complete for user 2
2026-01-06 19:38:24.454 [main] INFO  org.flywaydb.core.FlywayExecutor - Database: jdbc:mysql://localhost:3306/expense_tracker_db (MySQL 8.0)
2026-01-06 19:38:24.703 [main] INFO  o.f.core.internal.command.DbValidate - Successfully validated 9 migrations (execution time 00:00.133s)
2026-01-06 19:38:24.767 [main] INFO  o.f.core.internal.command.DbMigrate - Current version of schema `expense_tracker_db`: 9
2026-01-06 19:38:24.777 [main] INFO  o.f.core.internal.command.DbMigrate - Schema `expense_tracker_db` is up to date. No migration necessary.
2026-01-06 19:38:30.696 [http-nio-8080-exec-2] DEBUG c.e.controller.LoginServlet - GET /login - Checking if user already logged in
2026-01-06 19:38:30.713 [http-nio-8080-exec-2] DEBUG c.e.controller.LoginServlet - Displaying login form
2026-01-06 19:38:40.230 [http-nio-8080-exec-4] DEBUG c.e.controller.LoginServlet - POST /login - Login attempt for username: bhargav_007_
2026-01-06 19:38:40.462 [http-nio-8080-exec-4] INFO  com.zaxxer.hikari.HikariDataSource - HikariPool-1 - Starting...
2026-01-06 19:38:40.786 [http-nio-8080-exec-4] INFO  com.zaxxer.hikari.pool.HikariPool - HikariPool-1 - Added connection com.mysql.cj.jdbc.ConnectionImpl@78b57b8
2026-01-06 19:38:40.833 [http-nio-8080-exec-4] INFO  com.zaxxer.hikari.HikariDataSource - HikariPool-1 - Start completed.
2026-01-06 19:38:41.343 [http-nio-8080-exec-4] INFO  c.e.controller.LoginServlet - Successful login for user: bhargav_007_ (ID: 2)
2026-01-06 19:38:41.346 [http-nio-8080-exec-4] DEBUG c.e.controller.LoginServlet - Invalidating old session for security (session fixation prevention)
2026-01-06 19:38:41.349 [http-nio-8080-exec-4] DEBUG c.e.controller.LoginServlet - Remember Me not checked, clearing any existing cookie
2026-01-06 19:38:41.355 [http-nio-8080-exec-4] INFO  c.e.controller.LoginServlet - Login completed successfully for user bhargav_007_, redirecting to dashboard
2026-01-06 19:38:41.468 [http-nio-8080-exec-5] DEBUG c.e.controller.DashboardServlet - Loading dashboard for user 2
2026-01-06 19:38:41.885 [http-nio-8080-exec-5] DEBUG c.e.controller.DashboardServlet - Dashboard loaded successfully for user 2
2026-01-06 19:38:54.657 [http-nio-8080-exec-7] INFO  c.e.controller.BudgetServlet - Initializing BudgetServlet
2026-01-06 19:38:54.658 [http-nio-8080-exec-7] INFO  c.e.controller.BudgetServlet - BudgetServlet Initialized Successfully
2026-01-06 19:38:54.664 [http-nio-8080-exec-7] DEBUG c.e.controller.BudgetServlet - GET request from user 2, action: null
2026-01-06 19:38:54.685 [http-nio-8080-exec-7] DEBUG c.e.controller.BudgetServlet - Loaded 1 budgets and 9 categories for user 2
2026-01-06 19:39:04.709 [http-nio-8080-exec-9] DEBUG c.e.controller.BudgetServlet - GET request from user 2, action: detail
2026-01-06 19:39:04.710 [http-nio-8080-exec-9] DEBUG c.e.controller.BudgetServlet - Loading budget detail 1 for user 2
2026-01-06 19:39:04.722 [http-nio-8080-exec-9] DEBUG c.e.controller.BudgetServlet - Loaded budget 1 with 3 expenses for user 2
2026-01-06 20:00:46.253 [main] INFO  org.flywaydb.core.FlywayExecutor - Database: jdbc:mysql://localhost:3306/expense_tracker_db (MySQL 8.0)
2026-01-06 20:00:46.656 [main] INFO  o.f.core.internal.command.DbValidate - Successfully validated 9 migrations (execution time 00:00.230s)
2026-01-06 20:00:46.745 [main] INFO  o.f.core.internal.command.DbMigrate - Current version of schema `expense_tracker_db`: 9
2026-01-06 20:00:46.761 [main] INFO  o.f.core.internal.command.DbMigrate - Schema `expense_tracker_db` is up to date. No migration necessary.
2026-01-06 20:03:01.711 [http-nio-8080-exec-1] INFO  c.e.controller.BudgetServlet - Initializing BudgetServlet
2026-01-06 20:03:01.716 [http-nio-8080-exec-1] INFO  c.e.controller.BudgetServlet - BudgetServlet Initialized Successfully
2026-01-06 20:03:01.734 [http-nio-8080-exec-2] DEBUG c.e.controller.LoginServlet - GET /login - Checking if user already logged in
2026-01-06 20:03:01.751 [http-nio-8080-exec-2] DEBUG c.e.controller.LoginServlet - Displaying login form
2026-01-06 20:03:12.663 [http-nio-8080-exec-4] DEBUG c.e.controller.LoginServlet - POST /login - Login attempt for username: bhargav_007_
2026-01-06 20:03:12.948 [http-nio-8080-exec-4] INFO  com.zaxxer.hikari.HikariDataSource - HikariPool-1 - Starting...
2026-01-06 20:03:13.362 [http-nio-8080-exec-4] INFO  com.zaxxer.hikari.pool.HikariPool - HikariPool-1 - Added connection com.mysql.cj.jdbc.ConnectionImpl@4b7d9b76
2026-01-06 20:03:13.414 [http-nio-8080-exec-4] INFO  com.zaxxer.hikari.HikariDataSource - HikariPool-1 - Start completed.
2026-01-06 20:03:13.928 [http-nio-8080-exec-4] INFO  c.e.controller.LoginServlet - Successful login for user: bhargav_007_ (ID: 2)
2026-01-06 20:03:13.930 [http-nio-8080-exec-4] DEBUG c.e.controller.LoginServlet - Invalidating old session for security (session fixation prevention)
2026-01-06 20:03:13.932 [http-nio-8080-exec-4] DEBUG c.e.controller.LoginServlet - Remember Me not checked, clearing any existing cookie
2026-01-06 20:03:13.937 [http-nio-8080-exec-4] INFO  c.e.controller.LoginServlet - Login completed successfully for user bhargav_007_, redirecting to dashboard
2026-01-06 20:03:14.004 [http-nio-8080-exec-6] DEBUG c.e.controller.DashboardServlet - Loading dashboard for user 2
2026-01-06 20:03:14.468 [http-nio-8080-exec-6] DEBUG c.e.controller.DashboardServlet - Dashboard loaded successfully for user 2
2026-01-06 20:03:27.192 [http-nio-8080-exec-7] DEBUG c.e.controller.BudgetServlet - GET request from user 2, action: null
2026-01-06 20:03:27.203 [http-nio-8080-exec-7] DEBUG c.e.controller.BudgetServlet - Loaded 1 budgets and 9 categories for user 2
2026-01-06 20:03:33.059 [http-nio-8080-exec-9] DEBUG c.e.controller.BudgetServlet - GET request from user 2, action: detail
2026-01-06 20:03:33.059 [http-nio-8080-exec-9] DEBUG c.e.controller.BudgetServlet - Loading budget detail 1 for user 2
2026-01-06 20:03:33.072 [http-nio-8080-exec-9] DEBUG c.e.controller.BudgetServlet - Loaded budget 1 with 0 expenses for user 2
2026-01-06 20:10:49.137 [main] INFO  org.flywaydb.core.FlywayExecutor - Database: jdbc:mysql://localhost:3306/expense_tracker_db (MySQL 8.0)
2026-01-06 20:10:49.355 [main] INFO  o.f.core.internal.command.DbValidate - Successfully validated 9 migrations (execution time 00:00.125s)
2026-01-06 20:10:49.394 [main] INFO  o.f.core.internal.command.DbMigrate - Current version of schema `expense_tracker_db`: 9
2026-01-06 20:10:49.402 [main] INFO  o.f.core.internal.command.DbMigrate - Schema `expense_tracker_db` is up to date. No migration necessary.
2026-01-06 20:10:55.910 [http-nio-8080-exec-1] INFO  c.e.controller.BudgetServlet - Initializing BudgetServlet
2026-01-06 20:10:55.915 [http-nio-8080-exec-1] INFO  c.e.controller.BudgetServlet - BudgetServlet Initialized Successfully
2026-01-06 20:10:55.935 [http-nio-8080-exec-2] DEBUG c.e.controller.LoginServlet - GET /login - Checking if user already logged in
2026-01-06 20:10:55.954 [http-nio-8080-exec-2] DEBUG c.e.controller.LoginServlet - Displaying login form
2026-01-06 20:11:05.382 [http-nio-8080-exec-4] DEBUG c.e.controller.LoginServlet - POST /login - Login attempt for username: bhargav_007_
2026-01-06 20:11:05.765 [http-nio-8080-exec-4] INFO  com.zaxxer.hikari.HikariDataSource - HikariPool-1 - Starting...
2026-01-06 20:11:06.252 [http-nio-8080-exec-4] INFO  com.zaxxer.hikari.pool.HikariPool - HikariPool-1 - Added connection com.mysql.cj.jdbc.ConnectionImpl@78b57b8
2026-01-06 20:11:06.303 [http-nio-8080-exec-4] INFO  com.zaxxer.hikari.HikariDataSource - HikariPool-1 - Start completed.
2026-01-06 20:11:07.126 [http-nio-8080-exec-4] INFO  c.e.controller.LoginServlet - Successful login for user: bhargav_007_ (ID: 2)
2026-01-06 20:11:07.129 [http-nio-8080-exec-4] DEBUG c.e.controller.LoginServlet - Invalidating old session for security (session fixation prevention)
2026-01-06 20:11:07.134 [http-nio-8080-exec-4] DEBUG c.e.controller.LoginServlet - Remember Me not checked, clearing any existing cookie
2026-01-06 20:11:07.137 [http-nio-8080-exec-4] INFO  c.e.controller.LoginServlet - Login completed successfully for user bhargav_007_, redirecting to dashboard
2026-01-06 20:11:07.256 [http-nio-8080-exec-5] DEBUG c.e.controller.DashboardServlet - Loading dashboard for user 2
2026-01-06 20:11:07.715 [http-nio-8080-exec-5] DEBUG c.e.controller.DashboardServlet - Dashboard loaded successfully for user 2
2026-01-06 20:11:21.017 [http-nio-8080-exec-7] DEBUG c.e.controller.BudgetServlet - GET request from user 2, action: null
2026-01-06 20:11:21.048 [http-nio-8080-exec-7] DEBUG c.e.controller.BudgetServlet - Loaded 1 budgets and 9 categories for user 2
2026-01-06 20:11:24.106 [http-nio-8080-exec-9] DEBUG c.e.controller.BudgetServlet - GET request from user 2, action: detail
2026-01-06 20:11:24.107 [http-nio-8080-exec-9] DEBUG c.e.controller.BudgetServlet - Loading budget detail 1 for user 2
2026-01-06 20:11:24.121 [http-nio-8080-exec-9] DEBUG c.e.controller.BudgetServlet - Loaded budget 1 with 0 expenses for user 2
2026-01-06 20:11:38.595 [http-nio-8080-exec-1] DEBUG c.e.controller.ListExpensesServlet - User 2 requested expense list
2026-01-06 20:11:38.597 [http-nio-8080-exec-1] DEBUG c.e.controller.ListExpensesServlet - Fetching expenses for user 2: page=1, pageSize=20, filters=[from=null, to=null, cat=null]
2026-01-06 20:11:43.318 [http-nio-8080-exec-3] DEBUG c.e.controller.AddExpenseServlet - User 2 requested add expense form
2026-01-06 20:12:37.518 [http-nio-8080-exec-5] DEBUG c.e.controller.AddExpenseServlet - Processing add expense for user 2
2026-01-06 20:12:37.690 [http-nio-8080-exec-5] INFO  c.e.controller.AddExpenseServlet - Expense added successfully for user 2
2026-01-06 20:12:37.697 [http-nio-8080-exec-7] DEBUG c.e.controller.ListExpensesServlet - User 2 requested expense list
2026-01-06 20:12:37.700 [http-nio-8080-exec-7] DEBUG c.e.controller.ListExpensesServlet - Fetching expenses for user 2: page=1, pageSize=20, filters=[from=null, to=null, cat=null]
2026-01-06 20:12:42.287 [http-nio-8080-exec-9] DEBUG c.e.controller.BudgetServlet - GET request from user 2, action: null
2026-01-06 20:12:42.313 [http-nio-8080-exec-9] DEBUG c.e.controller.BudgetServlet - Loaded 1 budgets and 9 categories for user 2
2026-01-06 20:12:44.763 [http-nio-8080-exec-1] DEBUG c.e.controller.BudgetServlet - GET request from user 2, action: detail
2026-01-06 20:12:44.765 [http-nio-8080-exec-1] DEBUG c.e.controller.BudgetServlet - Loading budget detail 1 for user 2
2026-01-06 20:12:44.787 [http-nio-8080-exec-1] DEBUG c.e.controller.BudgetServlet - Loaded budget 1 with 1 expenses for user 2
2026-01-06 20:21:08.100 [http-nio-8080-exec-6] DEBUG c.e.controller.ListExpensesServlet - User 2 requested expense list
2026-01-06 20:21:08.100 [http-nio-8080-exec-6] DEBUG c.e.controller.ListExpensesServlet - Fetching expenses for user 2: page=1, pageSize=20, filters=[from=null, to=null, cat=null]
2026-01-06 20:21:10.757 [http-nio-8080-exec-7] DEBUG c.e.controller.ListExpensesServlet - User 2 requested expense list
2026-01-06 20:21:10.758 [http-nio-8080-exec-7] DEBUG c.e.controller.ListExpensesServlet - Fetching expenses for user 2: page=1, pageSize=20, filters=[from=null, to=null, cat=null]
2026-01-06 20:21:16.806 [http-nio-8080-exec-9] DEBUG c.e.controller.ListExpensesServlet - User 2 requested expense list
2026-01-06 20:21:16.808 [http-nio-8080-exec-9] DEBUG c.e.controller.ListExpensesServlet - Fetching expenses for user 2: page=1, pageSize=20, filters=[from=null, to=null, cat=null]
2026-01-06 20:21:19.558 [http-nio-8080-exec-1] DEBUG c.e.controller.ListExpensesServlet - User 2 requested expense list
2026-01-06 20:21:19.559 [http-nio-8080-exec-1] DEBUG c.e.controller.ListExpensesServlet - Fetching expenses for user 2: page=1, pageSize=20, filters=[from=null, to=null, cat=null]
2026-01-06 20:25:01.390 [http-nio-8080-exec-6] DEBUG c.e.controller.ListExpensesServlet - User 2 requested expense list
2026-01-06 20:25:01.391 [http-nio-8080-exec-6] DEBUG c.e.controller.ListExpensesServlet - Fetching expenses for user 2: page=1, pageSize=20, filters=[from=null, to=null, cat=null]
2026-01-06 20:25:08.022 [http-nio-8080-exec-7] DEBUG c.e.controller.CategoryServlet - User 2 requested category management
2026-01-06 20:25:16.391 [http-nio-8080-exec-9] DEBUG c.e.controller.ListExpensesServlet - User 2 requested expense list
2026-01-06 20:25:16.393 [http-nio-8080-exec-9] DEBUG c.e.controller.ListExpensesServlet - Fetching expenses for user 2: page=1, pageSize=20, filters=[from=null, to=null, cat=null]
2026-01-06 20:25:22.670 [http-nio-8080-exec-1] DEBUG c.e.controller.ListExpensesServlet - User 2 requested expense list
2026-01-06 20:25:22.670 [http-nio-8080-exec-1] DEBUG c.e.controller.ListExpensesServlet - Fetching expenses for user 2: page=1, pageSize=20, filters=[from=null, to=null, cat=null]
2026-01-06 20:41:16.683 [main] INFO  org.flywaydb.core.FlywayExecutor - Database: jdbc:mysql://localhost:3306/expense_tracker_db (MySQL 8.0)
2026-01-06 20:41:16.906 [main] INFO  o.f.core.internal.command.DbValidate - Successfully validated 9 migrations (execution time 00:00.107s)
2026-01-06 20:41:16.949 [main] INFO  o.f.core.internal.command.DbMigrate - Current version of schema `expense_tracker_db`: 9
2026-01-06 20:41:16.966 [main] INFO  o.f.core.internal.command.DbMigrate - Schema `expense_tracker_db` is up to date. No migration necessary.
2026-01-06 20:41:20.608 [http-nio-8080-exec-3] DEBUG c.e.controller.LoginServlet - GET /login - Checking if user already logged in
2026-01-06 20:41:20.622 [http-nio-8080-exec-3] DEBUG c.e.controller.LoginServlet - Displaying login form
2026-01-06 20:41:30.076 [http-nio-8080-exec-4] DEBUG c.e.controller.LoginServlet - POST /login - Login attempt for username: bhargav_007_
2026-01-06 20:41:30.342 [http-nio-8080-exec-4] INFO  com.zaxxer.hikari.HikariDataSource - HikariPool-1 - Starting...
2026-01-06 20:41:30.743 [http-nio-8080-exec-4] INFO  com.zaxxer.hikari.pool.HikariPool - HikariPool-1 - Added connection com.mysql.cj.jdbc.ConnectionImpl@6ffd46c1
2026-01-06 20:41:30.786 [http-nio-8080-exec-4] INFO  com.zaxxer.hikari.HikariDataSource - HikariPool-1 - Start completed.
2026-01-06 20:41:31.271 [http-nio-8080-exec-4] INFO  c.e.controller.LoginServlet - Successful login for user: bhargav_007_ (ID: 2)
2026-01-06 20:41:31.277 [http-nio-8080-exec-4] DEBUG c.e.controller.LoginServlet - Invalidating old session for security (session fixation prevention)
2026-01-06 20:41:31.281 [http-nio-8080-exec-4] DEBUG c.e.controller.LoginServlet - Remember Me not checked, clearing any existing cookie
2026-01-06 20:41:31.285 [http-nio-8080-exec-4] INFO  c.e.controller.LoginServlet - Login completed successfully for user bhargav_007_, redirecting to dashboard
2026-01-06 20:41:31.379 [http-nio-8080-exec-5] DEBUG c.e.controller.DashboardServlet - Loading dashboard for user 2
2026-01-06 20:41:31.786 [http-nio-8080-exec-5] DEBUG c.e.controller.DashboardServlet - Dashboard loaded successfully for user 2
2026-01-06 20:41:47.026 [http-nio-8080-exec-7] INFO  c.e.controller.BudgetServlet - Initializing BudgetServlet
2026-01-06 20:41:47.027 [http-nio-8080-exec-7] INFO  c.e.controller.BudgetServlet - BudgetServlet Initialized Successfully
2026-01-06 20:41:47.042 [http-nio-8080-exec-7] DEBUG c.e.controller.BudgetServlet - GET request from user 2, action: null
2026-01-06 20:41:47.070 [http-nio-8080-exec-7] DEBUG c.e.controller.BudgetServlet - Loaded 1 budgets and 9 categories for user 2
2026-01-06 20:41:50.292 [http-nio-8080-exec-9] DEBUG c.e.controller.BudgetServlet - GET request from user 2, action: detail
2026-01-06 20:41:50.293 [http-nio-8080-exec-9] DEBUG c.e.controller.BudgetServlet - Loading budget detail 1 for user 2
2026-01-06 20:41:50.306 [http-nio-8080-exec-9] DEBUG c.e.controller.BudgetServlet - Loaded budget 1 with 1 expenses for user 2
